<?xml version="1.0" encoding="UTF-8"?>
<!-- Generated by org.testng.reporters.JUnitXMLReporter -->
<testsuite ignored="0" hostname="DESKTOP-GFV28OS" failures="0" tests="6" name="Deapartment" time="0.085" errors="0" timestamp="2025-07-04T23:58:51 IST">
  <testcase classname="testPackage.Test1" name="homePage" time="0.012"/>
  <testcase classname="testPackage.Test1" name="loginPage" time="0.002"/>
  <testcase classname="testPackage.Test2" name="homeTest2" time="0.001"/>
  <testcase classname="testPackage.Test2" name="loginTest2" time="0.001"/>
  <testcase classname="testPackage.Test3" name="homeTest3" time="0.001"/>
  <testcase classname="testPackage.Test3" name="loginTest3" time="0.002"/>
</testsuite> <!-- Deapartment -->
