<?xml version="1.0" encoding="UTF-8"?>
<!-- Generated by org.testng.reporters.JUnitXMLReporter -->
<testsuite ignored="3" hostname="DESKTOP-GFV28OS" failures="0" tests="3" name="Regression" time="0.189" errors="0" timestamp="2025-07-05T17:14:38 IST">
  <testcase classname="testPackage.Test1" name="loginPage" time="0.038"/>
  <testcase classname="testPackage.Test2" name="loginTest2" time="0.005"/>
  <testcase classname="testPackage.Test3" name="homeTest3" time="0.005"/>
  <testcase classname="testPackage.Test3" name="loginTest3" time="0.0">
    <ignored/>
  </testcase> <!-- loginTest3 -->
  <testcase classname="testPackage.Test2" name="homeTest2" time="0.0">
    <ignored/>
  </testcase> <!-- homeTest2 -->
  <testcase classname="testPackage.Test1" name="homePage" time="0.0">
    <ignored/>
  </testcase> <!-- homePage -->
</testsuite> <!-- Regression -->
