<?xml version="1.0" encoding="UTF-8"?>
<!-- Generated by org.testng.reporters.JUnitXMLReporter -->
<testsuite ignored="0" hostname="DESKTOP-GFV28OS" failures="1" tests="4" name="Test" time="0.088" errors="0" timestamp="2025-07-05T23:57:17 IST">
  <testcase classname="testPackage.Test1" name="homePage" time="0.013"/>
  <testcase classname="testPackage.Test1" name="homePage" time="0.001"/>
  <testcase classname="testPackage.Test1" name="homePage" time="0.003"/>
  <testcase classname="testPackage.Test1" name="loginPage" time="0.013">
    <failure type="java.lang.AssertionError" message="expected [true] but found [false]">
      <![CDATA[java.lang.AssertionError: expected [true] but found [false]
at testPackage.Test1.loginPage(Test1.java:28)
at java.base/java.util.ArrayList.forEach(ArrayList.java:1596)
... Removed 29 stack frames]]>
    </failure>
  </testcase> <!-- loginPage -->
</testsuite> <!-- Test -->
